[2023-06-07 17:43:56Z INFO HostContext] No proxy settings were found based on environmental variables (http_proxy/https_proxy/HTTP_PROXY/HTTPS_PROXY)
[2023-06-07 17:43:56Z INFO HostContext] Well known directory 'Bin': '/Users/keoniburns/liatrio/actions-runner/bin'
[2023-06-07 17:43:56Z INFO HostContext] Well known directory 'Root': '/Users/keoniburns/liatrio/actions-runner'
[2023-06-07 17:43:56Z INFO HostContext] Well known config file 'Credentials': '/Users/keoniburns/liatrio/actions-runner/.credentials'
[2023-06-07 17:43:56Z INFO HostContext] Well known directory 'Bin': '/Users/keoniburns/liatrio/actions-runner/bin'
[2023-06-07 17:43:56Z INFO HostContext] Well known directory 'Root': '/Users/keoniburns/liatrio/actions-runner'
[2023-06-07 17:43:56Z INFO HostContext] Well known config file 'Runner': '/Users/keoniburns/liatrio/actions-runner/.runner'
[2023-06-07 17:43:56Z INFO Listener] Runner is built for OSX (X64) - osx-x64.
[2023-06-07 17:43:56Z INFO Listener] RuntimeInformation: Darwin 22.5.0 Darwin Kernel Version 22.5.0: Mon Apr 24 20:51:50 PDT 2023; root:xnu-8796.121.2~5/RELEASE_X86_64.
[2023-06-07 17:43:57Z INFO Listener] Version: 2.304.0
[2023-06-07 17:43:57Z INFO Listener] Commit: 9ef4121b5b31ee5c03b7770288213d741081f747
[2023-06-07 17:43:57Z INFO Listener] Culture: en-US
[2023-06-07 17:43:57Z INFO Listener] UI Culture: en-US
[2023-06-07 17:43:57Z INFO HostContext] Well known directory 'Bin': '/Users/keoniburns/liatrio/actions-runner/bin'
[2023-06-07 17:43:57Z INFO HostContext] Well known directory 'Root': '/Users/keoniburns/liatrio/actions-runner'
[2023-06-07 17:43:57Z INFO Listener] Validating directory permissions for: '/Users/keoniburns/liatrio/actions-runner'
[2023-06-07 17:43:57Z INFO CommandLineParser] Parse
[2023-06-07 17:43:57Z INFO CommandLineParser] Parsing 5 args
[2023-06-07 17:43:57Z INFO CommandLineParser] parsing argument
[2023-06-07 17:43:57Z INFO CommandLineParser] HasArgs: False
[2023-06-07 17:43:57Z INFO CommandLineParser] Adding Command: configure
[2023-06-07 17:43:57Z INFO CommandLineParser] parsing argument
[2023-06-07 17:43:57Z INFO CommandLineParser] HasArgs: True
[2023-06-07 17:43:57Z INFO CommandLineParser] arg: url
[2023-06-07 17:43:57Z INFO CommandLineParser] parsing argument
[2023-06-07 17:43:57Z INFO CommandLineParser] HasArgs: True
[2023-06-07 17:43:57Z INFO CommandLineParser] Adding option 'url': 'https://github.com/keoniburns/liatrio'
[2023-06-07 17:43:57Z INFO CommandLineParser] parsing argument
[2023-06-07 17:43:57Z INFO CommandLineParser] HasArgs: True
[2023-06-07 17:43:57Z INFO CommandLineParser] arg: token
[2023-06-07 17:43:57Z INFO CommandLineParser] parsing argument
[2023-06-07 17:43:57Z INFO CommandLineParser] HasArgs: True
[2023-06-07 17:43:57Z INFO CommandLineParser] Adding option 'token': '***'
[2023-06-07 17:43:57Z INFO Listener] Arguments parsed
[2023-06-07 17:43:57Z INFO Runner] ExecuteCommand
[2023-06-07 17:43:57Z INFO ConfigurationStore] currentAssemblyLocation: /Users/keoniburns/liatrio/actions-runner/bin/Runner.Listener.dll
[2023-06-07 17:43:57Z INFO HostContext] Well known directory 'Bin': '/Users/keoniburns/liatrio/actions-runner/bin'
[2023-06-07 17:43:57Z INFO ConfigurationStore] binPath: /Users/keoniburns/liatrio/actions-runner/bin
[2023-06-07 17:43:57Z INFO HostContext] Well known directory 'Bin': '/Users/keoniburns/liatrio/actions-runner/bin'
[2023-06-07 17:43:57Z INFO HostContext] Well known directory 'Root': '/Users/keoniburns/liatrio/actions-runner'
[2023-06-07 17:43:57Z INFO ConfigurationStore] RootFolder: /Users/keoniburns/liatrio/actions-runner
[2023-06-07 17:43:57Z INFO HostContext] Well known directory 'Bin': '/Users/keoniburns/liatrio/actions-runner/bin'
[2023-06-07 17:43:57Z INFO HostContext] Well known directory 'Root': '/Users/keoniburns/liatrio/actions-runner'
[2023-06-07 17:43:57Z INFO HostContext] Well known config file 'Runner': '/Users/keoniburns/liatrio/actions-runner/.runner'
[2023-06-07 17:43:57Z INFO ConfigurationStore] ConfigFilePath: /Users/keoniburns/liatrio/actions-runner/.runner
[2023-06-07 17:43:57Z INFO HostContext] Well known directory 'Bin': '/Users/keoniburns/liatrio/actions-runner/bin'
[2023-06-07 17:43:57Z INFO HostContext] Well known directory 'Root': '/Users/keoniburns/liatrio/actions-runner'
[2023-06-07 17:43:57Z INFO HostContext] Well known config file 'Credentials': '/Users/keoniburns/liatrio/actions-runner/.credentials'
[2023-06-07 17:43:57Z INFO ConfigurationStore] CredFilePath: /Users/keoniburns/liatrio/actions-runner/.credentials
[2023-06-07 17:43:57Z INFO HostContext] Well known directory 'Bin': '/Users/keoniburns/liatrio/actions-runner/bin'
[2023-06-07 17:43:57Z INFO HostContext] Well known directory 'Root': '/Users/keoniburns/liatrio/actions-runner'
[2023-06-07 17:43:57Z INFO HostContext] Well known config file 'MigratedCredentials': '/Users/keoniburns/liatrio/actions-runner/.credentials_migrated'
[2023-06-07 17:43:57Z INFO ConfigurationStore] MigratedCredFilePath: /Users/keoniburns/liatrio/actions-runner/.credentials_migrated
[2023-06-07 17:43:57Z INFO HostContext] Well known directory 'Bin': '/Users/keoniburns/liatrio/actions-runner/bin'
[2023-06-07 17:43:57Z INFO HostContext] Well known directory 'Root': '/Users/keoniburns/liatrio/actions-runner'
[2023-06-07 17:43:57Z INFO HostContext] Well known config file 'Service': '/Users/keoniburns/liatrio/actions-runner/.service'
[2023-06-07 17:43:57Z INFO ConfigurationStore] ServiceConfigFilePath: /Users/keoniburns/liatrio/actions-runner/.service
[2023-06-07 17:43:57Z INFO CommandSettings] Flag 'help': 'False'
[2023-06-07 17:43:57Z INFO CommandSettings] Flag 'version': 'False'
[2023-06-07 17:43:57Z INFO CommandSettings] Flag 'commit': 'False'
[2023-06-07 17:43:57Z INFO CommandSettings] Flag 'check': 'False'
[2023-06-07 17:43:57Z INFO CommandSettings] Command 'configure': 'True'
[2023-06-07 17:43:57Z INFO Terminal] WRITE LINE: 
[2023-06-07 17:43:57Z INFO Terminal] WRITE LINE: --------------------------------------------------------------------------------
[2023-06-07 17:43:57Z INFO Terminal] WRITE LINE: |        ____ _ _   _   _       _          _        _   _                      |
[2023-06-07 17:43:57Z INFO Terminal] WRITE LINE: |       / ___(_) |_| | | |_   _| |__      / \   ___| |_(_) ___  _ __  ___      |
[2023-06-07 17:43:57Z INFO Terminal] WRITE LINE: |      | |  _| | __| |_| | | | | '_ \    / _ \ / __| __| |/ _ \| '_ \/ __|     |
[2023-06-07 17:43:57Z INFO Terminal] WRITE LINE: |      | |_| | | |_|  _  | |_| | |_) |  / ___ \ (__| |_| | (_) | | | \__ \     |
[2023-06-07 17:43:57Z INFO Terminal] WRITE LINE: |       \____|_|\__|_| |_|\__,_|_.__/  /_/   \_\___|\__|_|\___/|_| |_|___/     |
[2023-06-07 17:43:57Z INFO Terminal] WRITE LINE: |                                                                              |
[2023-06-07 17:43:57Z INFO Terminal] WRITE: |                       
[2023-06-07 17:43:57Z INFO Terminal] WRITE: Self-hosted runner registration
[2023-06-07 17:43:57Z INFO Terminal] WRITE LINE:                         |
[2023-06-07 17:43:57Z INFO Terminal] WRITE LINE: |                                                                              |
[2023-06-07 17:43:57Z INFO Terminal] WRITE LINE: --------------------------------------------------------------------------------
[2023-06-07 17:43:57Z INFO ConfigurationManager] ConfigureAsync
[2023-06-07 17:43:57Z INFO CommandSettings] Flag 'generateServiceConfig': 'False'
[2023-06-07 17:43:57Z INFO ConfigurationStore] IsConfigured()
[2023-06-07 17:43:57Z INFO ConfigurationStore] IsConfigured: False
[2023-06-07 17:43:57Z INFO ConfigurationManager] Is configured: False
[2023-06-07 17:43:57Z INFO CommandSettings] Arg 'url': 'https://github.com/keoniburns/liatrio'
[2023-06-07 17:43:57Z INFO CommandSettings] Remove url from Arg dictionary.
[2023-06-07 17:43:57Z INFO CommandSettings] Arg 'token': '***'
[2023-06-07 17:43:57Z INFO CommandSettings] Remove token from Arg dictionary.
[2023-06-07 17:44:02Z INFO ConfigurationManager] Http response code: OK from 'POST https://api.github.com/actions/runner-registration' (E347:6F2F:EE1E72:F57D42:6480C1E1)
[2023-06-07 17:44:02Z INFO Terminal] WRITE LINE: Using V2 flow: False
[2023-06-07 17:44:02Z INFO ConfigurationManager] cred retrieved via GitHub auth
[2023-06-07 17:44:02Z INFO RunnerServer] EstablishVssConnection
[2023-06-07 17:44:02Z INFO RunnerServer] Establish connection with 100 seconds timeout.
[2023-06-07 17:44:03Z INFO GitHubActionsService] Starting operation Location.GetConnectionData
[2023-06-07 17:44:03Z INFO RunnerServer] EstablishVssConnection
[2023-06-07 17:44:03Z INFO RunnerServer] Establish connection with 60 seconds timeout.
[2023-06-07 17:44:03Z INFO GitHubActionsService] Starting operation Location.GetConnectionData
[2023-06-07 17:44:03Z INFO RunnerServer] EstablishVssConnection
[2023-06-07 17:44:03Z INFO RunnerServer] Establish connection with 60 seconds timeout.
[2023-06-07 17:44:03Z INFO GitHubActionsService] Starting operation Location.GetConnectionData
[2023-06-07 17:44:03Z INFO GitHubActionsService] Finished operation Location.GetConnectionData
[2023-06-07 17:44:03Z INFO GitHubActionsService] Finished operation Location.GetConnectionData
[2023-06-07 17:44:03Z INFO GitHubActionsService] Finished operation Location.GetConnectionData
[2023-06-07 17:44:04Z INFO Terminal] WRITE LINE: 
[2023-06-07 17:44:04Z INFO ConfigurationManager] Test Connection complete.
[2023-06-07 17:44:04Z INFO HostContext] Well known directory 'Bin': '/Users/keoniburns/liatrio/actions-runner/bin'
[2023-06-07 17:44:04Z INFO HostContext] Well known directory 'Root': '/Users/keoniburns/liatrio/actions-runner'
[2023-06-07 17:44:04Z INFO HostContext] Well known config file 'RSACredentials': '/Users/keoniburns/liatrio/actions-runner/.credentials_rsaparams'
[2023-06-07 17:44:04Z INFO RSAFileKeyManager] Creating new RSA key using 2048-bit key length
[2023-06-07 17:44:04Z INFO RSAFileKeyManager] Successfully saved RSA key parameters to file /Users/keoniburns/liatrio/actions-runner/.credentials_rsaparams
[2023-06-07 17:44:04Z INFO RSAFileKeyManager] Which: 'chmod'
[2023-06-07 17:44:04Z INFO RSAFileKeyManager] Location: '/bin/chmod'
[2023-06-07 17:44:04Z INFO HostContext] Well known directory 'Bin': '/Users/keoniburns/liatrio/actions-runner/bin'
[2023-06-07 17:44:04Z INFO HostContext] Well known directory 'Root': '/Users/keoniburns/liatrio/actions-runner'
[2023-06-07 17:44:04Z INFO ProcessInvokerWrapper] Starting process:
[2023-06-07 17:44:04Z INFO ProcessInvokerWrapper]   File name: '/bin/chmod'
[2023-06-07 17:44:04Z INFO ProcessInvokerWrapper]   Arguments: '600 /Users/keoniburns/liatrio/actions-runner/.credentials_rsaparams'
[2023-06-07 17:44:04Z INFO ProcessInvokerWrapper]   Working directory: '/Users/keoniburns/liatrio/actions-runner'
[2023-06-07 17:44:04Z INFO ProcessInvokerWrapper]   Require exit code zero: 'False'
[2023-06-07 17:44:04Z INFO ProcessInvokerWrapper]   Encoding web name:  ; code page: ''
[2023-06-07 17:44:04Z INFO ProcessInvokerWrapper]   Force kill process on cancellation: 'False'
[2023-06-07 17:44:04Z INFO ProcessInvokerWrapper]   Redirected STDIN: 'False'
[2023-06-07 17:44:04Z INFO ProcessInvokerWrapper]   Persist current code page: 'False'
[2023-06-07 17:44:04Z INFO ProcessInvokerWrapper]   Keep redirected STDIN open: 'False'
[2023-06-07 17:44:04Z INFO ProcessInvokerWrapper]   High priority process: 'False'
[2023-06-07 17:44:04Z INFO ProcessInvokerWrapper] Process started with process id 40554, waiting for process exit.
[2023-06-07 17:44:04Z INFO ProcessInvokerWrapper] STDOUT/STDERR stream read finished.
[2023-06-07 17:44:04Z INFO ProcessInvokerWrapper] STDOUT/STDERR stream read finished.
[2023-06-07 17:44:04Z INFO ProcessInvokerWrapper] Finished process 40554 with exit code 0, and elapsed time 00:00:00.1115327.
[2023-06-07 17:44:04Z INFO RSAFileKeyManager] Successfully set permissions for RSA key parameters file /Users/keoniburns/liatrio/actions-runner/.credentials_rsaparams
[2023-06-07 17:44:05Z INFO CommandSettings] Arg 'runnergroup': ''
[2023-06-07 17:44:05Z INFO CommandSettings] Flag 'unattended': 'False'
[2023-06-07 17:44:05Z INFO PromptManager] ReadValue
[2023-06-07 17:44:05Z INFO Terminal] WRITE: Enter the name of the runner group to add this runner to: 
[2023-06-07 17:44:05Z INFO Terminal] WRITE: [press Enter for Default] 
[2023-06-07 17:44:05Z INFO Terminal] READ LINE
[2023-06-07 17:44:10Z INFO Terminal] Read value: ''
[2023-06-07 17:44:10Z INFO PromptManager] Falling back to the default: 'Default'
[2023-06-07 17:44:10Z INFO Terminal] WRITE LINE: 
[2023-06-07 17:44:10Z INFO ConfigurationManager] Found a self-hosted runner group with id 1 and name Default
[2023-06-07 17:44:10Z INFO CommandSettings] Flag 'disableupdate': 'False'
[2023-06-07 17:44:10Z INFO CommandSettings] Flag 'ephemeral': 'False'
[2023-06-07 17:44:10Z INFO CommandSettings] Arg 'name': ''
[2023-06-07 17:44:10Z INFO CommandSettings] Flag 'unattended': 'False'
[2023-06-07 17:44:10Z INFO PromptManager] ReadValue
[2023-06-07 17:44:10Z INFO Terminal] WRITE: Enter the name of runner: 
[2023-06-07 17:44:10Z INFO Terminal] WRITE: [press Enter for Keonis-MacBook-Pro] 
[2023-06-07 17:44:10Z INFO Terminal] READ LINE
[2023-06-07 17:44:18Z INFO Terminal] Read value: ''
[2023-06-07 17:44:18Z INFO PromptManager] Falling back to the default: 'Keonis-MacBook-Pro'
[2023-06-07 17:44:18Z INFO Terminal] WRITE LINE: 
[2023-06-07 17:44:18Z INFO CommandSettings] Arg 'labels': ''
[2023-06-07 17:44:18Z INFO CommandSettings] Flag 'unattended': 'False'
[2023-06-07 17:44:18Z INFO PromptManager] ReadValue
[2023-06-07 17:44:18Z INFO Terminal] WRITE: This runner will have the following labels: 'self-hosted', 'macOS', 'X64' 
Enter any additional labels (ex. label-1,label-2): 
[2023-06-07 17:44:18Z INFO Terminal] WRITE: [press Enter to skip] 
[2023-06-07 17:44:18Z INFO Terminal] READ LINE
[2023-06-07 17:44:29Z INFO Terminal] Read value: ''
[2023-06-07 17:44:29Z INFO Terminal] WRITE LINE: 
[2023-06-07 17:44:29Z INFO CommandSettings] Flag 'disableupdate': 'False'
[2023-06-07 17:44:29Z INFO CommandSettings] Flag 'disableupdate': 'False'
[2023-06-07 17:44:29Z INFO CommandSettings] Flag 'ephemeral': 'False'
[2023-06-07 17:44:29Z INFO ConfigurationStore] Saving OAuth credential @ /Users/keoniburns/liatrio/actions-runner/.credentials
[2023-06-07 17:44:29Z INFO ConfigurationStore] Credentials Saved.
[2023-06-07 17:44:29Z INFO ConfigurationStore] HasCredentials()
[2023-06-07 17:44:29Z INFO ConfigurationStore] stored True
[2023-06-07 17:44:29Z INFO CredentialManager] GetCredentialProvider
[2023-06-07 17:44:29Z INFO CredentialManager] Creating type OAuth
[2023-06-07 17:44:29Z INFO CredentialManager] Creating credential type: OAuth
[2023-06-07 17:44:30Z INFO RSAFileKeyManager] Loading RSA key parameters from file /Users/keoniburns/liatrio/actions-runner/.credentials_rsaparams
[2023-06-07 17:44:30Z INFO RunnerServer] EstablishVssConnection
[2023-06-07 17:44:30Z INFO RunnerServer] Establish connection with 100 seconds timeout.
[2023-06-07 17:44:30Z INFO GitHubActionsService] Starting operation Location.GetConnectionData
[2023-06-07 17:44:30Z INFO RunnerServer] EstablishVssConnection
[2023-06-07 17:44:30Z INFO RunnerServer] Establish connection with 60 seconds timeout.
[2023-06-07 17:44:30Z INFO GitHubActionsService] Starting operation Location.GetConnectionData
[2023-06-07 17:44:30Z INFO RunnerServer] EstablishVssConnection
[2023-06-07 17:44:30Z INFO RunnerServer] Establish connection with 60 seconds timeout.
[2023-06-07 17:44:30Z INFO GitHubActionsService] Starting operation Location.GetConnectionData
[2023-06-07 17:44:30Z INFO GitHubActionsService] Finished operation Location.GetConnectionData
[2023-06-07 17:44:30Z INFO GitHubActionsService] Finished operation Location.GetConnectionData
[2023-06-07 17:44:30Z INFO GitHubActionsService] Finished operation Location.GetConnectionData
[2023-06-07 17:44:30Z INFO RSAFileKeyManager] Loading RSA key parameters from file /Users/keoniburns/liatrio/actions-runner/.credentials_rsaparams
[2023-06-07 17:44:30Z INFO RSAFileKeyManager] Loading RSA key parameters from file /Users/keoniburns/liatrio/actions-runner/.credentials_rsaparams
[2023-06-07 17:44:31Z INFO GitHubActionsService] AAD Correlation ID for this token request: Unknown
[2023-06-07 17:44:31Z INFO CommandSettings] Arg 'work': ''
[2023-06-07 17:44:31Z INFO CommandSettings] Flag 'unattended': 'False'
[2023-06-07 17:44:31Z INFO PromptManager] ReadValue
[2023-06-07 17:44:31Z INFO Terminal] WRITE: Enter name of work folder: 
[2023-06-07 17:44:31Z INFO Terminal] WRITE: [press Enter for _work] 
[2023-06-07 17:44:31Z INFO Terminal] READ LINE
[2023-06-07 17:44:39Z INFO Terminal] Read value: ''
[2023-06-07 17:44:39Z INFO PromptManager] Falling back to the default: '_work'
[2023-06-07 17:44:39Z INFO ConfigurationStore] Saving runner settings.
[2023-06-07 17:44:39Z INFO ConfigurationStore] Settings Saved.
[2023-06-07 17:44:39Z INFO Terminal] WRITE LINE: 
[2023-06-07 17:44:39Z INFO Terminal] WRITE LINE: 
[2023-06-07 17:44:39Z INFO OsxServiceControlManager] Service name 'actions.runner.keoniburns-liatrio.Keonis-MacBook-Pro' display name 'GitHub Actions Runner (keoniburns-liatrio.Keonis-MacBook-Pro)' will be used for service configuration.
[2023-06-07 17:44:39Z INFO HostContext] Well known directory 'Bin': '/Users/keoniburns/liatrio/actions-runner/bin'
[2023-06-07 17:44:39Z INFO HostContext] Well known directory 'Root': '/Users/keoniburns/liatrio/actions-runner'
[2023-06-07 17:44:39Z INFO HostContext] Well known directory 'Bin': '/Users/keoniburns/liatrio/actions-runner/bin'
[2023-06-07 17:44:39Z INFO HostContext] Well known directory 'Bin': '/Users/keoniburns/liatrio/actions-runner/bin'
[2023-06-07 17:44:39Z INFO HostContext] Well known directory 'Root': '/Users/keoniburns/liatrio/actions-runner'
[2023-06-07 17:44:39Z INFO UnixUtil] Which: 'chmod'
[2023-06-07 17:44:39Z INFO UnixUtil] Location: '/bin/chmod'
[2023-06-07 17:44:39Z INFO UnixUtil] Running /bin/chmod 755 "/Users/keoniburns/liatrio/actions-runner/svc.sh"
[2023-06-07 17:44:39Z INFO ProcessInvokerWrapper] Starting process:
[2023-06-07 17:44:39Z INFO ProcessInvokerWrapper]   File name: '/bin/chmod'
[2023-06-07 17:44:39Z INFO ProcessInvokerWrapper]   Arguments: '755 "/Users/keoniburns/liatrio/actions-runner/svc.sh"'
[2023-06-07 17:44:39Z INFO ProcessInvokerWrapper]   Working directory: '/Users/keoniburns/liatrio/actions-runner'
[2023-06-07 17:44:39Z INFO ProcessInvokerWrapper]   Require exit code zero: 'True'
[2023-06-07 17:44:39Z INFO ProcessInvokerWrapper]   Encoding web name:  ; code page: ''
[2023-06-07 17:44:39Z INFO ProcessInvokerWrapper]   Force kill process on cancellation: 'False'
[2023-06-07 17:44:39Z INFO ProcessInvokerWrapper]   Redirected STDIN: 'False'
[2023-06-07 17:44:39Z INFO ProcessInvokerWrapper]   Persist current code page: 'False'
[2023-06-07 17:44:39Z INFO ProcessInvokerWrapper]   Keep redirected STDIN open: 'False'
[2023-06-07 17:44:39Z INFO ProcessInvokerWrapper]   High priority process: 'False'
[2023-06-07 17:44:39Z INFO ProcessInvokerWrapper] Process started with process id 40555, waiting for process exit.
[2023-06-07 17:44:39Z INFO ProcessInvokerWrapper] STDOUT/STDERR stream read finished.
[2023-06-07 17:44:39Z INFO ProcessInvokerWrapper] STDOUT/STDERR stream read finished.
[2023-06-07 17:44:39Z INFO ProcessInvokerWrapper] Finished process 40555 with exit code 0, and elapsed time 00:00:00.0113657.
[2023-06-07 17:44:39Z INFO Listener] Runner execution has finished with return code 0
